SF:lib/data/dto/exception/core_crypto_exception.dart
DA:5,1
LF:1
LH:1
end_of_record
SF:lib/data/dto/model/crypto_key.dart
DA:5,0
LF:1
LH:0
end_of_record
SF:lib/data/repositories/crypto_aes_repository_impl.dart
DA:9,1
DA:12,1
DA:13,1
DA:15,5
DA:20,1
DA:22,3
DA:23,1
DA:25,1
DA:31,1
DA:33,1
DA:36,1
DA:43,3
DA:44,1
DA:45,2
DA:46,1
DA:47,2
DA:49,0
DA:50,0
DA:55,1
DA:62,3
DA:63,1
DA:64,2
DA:65,0
DA:66,0
DA:68,0
DA:69,0
LF:26
LH:20
end_of_record
SF:lib/data/repositories/crypto_ed25519_repository_impl.dart
DA:9,0
DA:10,0
DA:13,0
DA:14,0
DA:17,0
DA:19,0
DA:20,0
DA:21,0
DA:22,0
DA:26,0
DA:32,0
DA:33,0
DA:34,0
DA:35,0
DA:37,0
DA:38,0
DA:43,0
DA:49,0
DA:50,0
DA:52,0
DA:53,0
DA:55,0
DA:56,0
DA:58,0
DA:59,0
LF:25
LH:0
end_of_record
SF:lib/data/repositories/crypto_rsa_repository_impl.dart
DA:16,0
DA:18,0
DA:20,0
DA:25,0
DA:27,0
DA:29,0
DA:34,0
DA:36,0
DA:37,0
DA:38,0
DA:40,0
DA:41,0
DA:42,0
DA:45,0
DA:46,0
DA:47,0
DA:48,0
DA:49,0
DA:50,0
DA:56,0
DA:64,0
DA:65,0
DA:67,0
DA:68,0
DA:70,0
DA:71,0
DA:72,0
DA:74,0
DA:75,0
DA:80,0
DA:89,0
DA:90,0
DA:92,0
DA:93,0
DA:95,0
DA:96,0
DA:97,0
DA:99,0
DA:100,0
DA:105,0
DA:112,0
DA:113,0
DA:114,0
DA:115,0
DA:116,0
DA:118,0
DA:119,0
DA:124,0
DA:131,0
DA:132,0
DA:133,0
DA:134,0
DA:135,0
DA:136,0
DA:138,0
DA:139,0
LF:56
LH:0
end_of_record
